# Logfile created on Thu May 26 11:40:58 +0200 2011 by logger.rb/22285
REQUESTING PAGE: GET / with {} and HTTP headers {}
REQUESTING PAGE: GET / with {} and HTTP headers {}
REQUESTING PAGE: GET / with {} and HTTP headers {}
REQUESTING PAGE: GET /sign_in with {} and HTTP headers {}
REQUESTING PAGE: GET /sign_up with {} and HTTP headers {"HTTP_REFERER"=>"/sign_in"}
REQUESTING PAGE: POST /users with {"commit"=>"Sign up", "utf8"=>"✓", "user"=>{"password"=>"solidus", "email"=>"matteodepalo@mac.com"}} and HTTP headers {"HTTP_REFERER"=>"/sign_up"}
REQUESTING PAGE: GET /sign_in with {} and HTTP headers {}
REQUESTING PAGE: GET /sign_up with {} and HTTP headers {"HTTP_REFERER"=>"/sign_in"}
REQUESTING PAGE: POST /users with {"commit"=>"Sign up", "utf8"=>"✓", "user"=>{"password"=>"solidus", "email"=>"matteodepalo@mac.com"}} and HTTP headers {"HTTP_REFERER"=>"/sign_up"}
REQUESTING PAGE: GET /sign_in with {} and HTTP headers {}
REQUESTING PAGE: GET /sign_up with {} and HTTP headers {"HTTP_REFERER"=>"/sign_in"}
REQUESTING PAGE: POST /users with {"commit"=>"Sign up", "utf8"=>"✓", "user"=>{"password"=>"solidus", "email"=>"matteodepalo@mac.com"}} and HTTP headers {"HTTP_REFERER"=>"/sign_up"}
REQUESTING PAGE: GET /sign_in with {} and HTTP headers {}
REQUESTING PAGE: GET /sign_up with {} and HTTP headers {"HTTP_REFERER"=>"/sign_in"}
REQUESTING PAGE: POST /users with {"commit"=>"Sign up", "utf8"=>"✓", "user"=>{"password"=>"solidus", "email"=>"matteodepalo@mac.com"}} and HTTP headers {"HTTP_REFERER"=>"/sign_up"}
REQUESTING PAGE: GET /sign_in with {} and HTTP headers {}
REQUESTING PAGE: GET /sign_up with {} and HTTP headers {"HTTP_REFERER"=>"/sign_in"}
REQUESTING PAGE: POST /users with {"commit"=>"Sign up", "utf8"=>"✓", "user"=>{"password"=>"solidus", "email"=>"matteodepalo@mac.com"}} and HTTP headers {"HTTP_REFERER"=>"/sign_up"}
REQUESTING PAGE: GET /sign_in with {} and HTTP headers {}
REQUESTING PAGE: GET /sign_up with {} and HTTP headers {"HTTP_REFERER"=>"/sign_in"}
REQUESTING PAGE: POST /users with {"commit"=>"Sign up", "utf8"=>"✓", "user"=>{"password"=>"solidus", "email"=>"matteodepalo@mac.com"}} and HTTP headers {"HTTP_REFERER"=>"/sign_up"}
REQUESTING PAGE: GET /sign_in with {} and HTTP headers {}
REQUESTING PAGE: GET /sign_up with {} and HTTP headers {"HTTP_REFERER"=>"/sign_in"}
REQUESTING PAGE: POST /users with {"commit"=>"Sign up", "utf8"=>"✓", "user"=>{"password"=>"solidus", "email"=>"matteodepalo@mac.com"}} and HTTP headers {"HTTP_REFERER"=>"/sign_up"}
REQUESTING PAGE: GET /sign_in with {} and HTTP headers {}
REQUESTING PAGE: GET /sign_up with {} and HTTP headers {"HTTP_REFERER"=>"/sign_in"}
REQUESTING PAGE: POST /users with {"commit"=>"Sign up", "utf8"=>"✓", "user"=>{"password"=>"solidus", "email"=>"matteodepalo@mac.com"}} and HTTP headers {"HTTP_REFERER"=>"/sign_up"}
REQUESTING PAGE: GET /sign_in with {} and HTTP headers {}
REQUESTING PAGE: GET /sign_up with {} and HTTP headers {"HTTP_REFERER"=>"/sign_in"}
REQUESTING PAGE: POST /users with {"commit"=>"Sign up", "utf8"=>"✓", "user"=>{"password"=>"solidus", "email"=>"matteodepalo@mac.com"}} and HTTP headers {"HTTP_REFERER"=>"/sign_up"}
REQUESTING PAGE: GET /sign_in with {} and HTTP headers {}
REQUESTING PAGE: GET /sign_up with {} and HTTP headers {"HTTP_REFERER"=>"/sign_in"}
REQUESTING PAGE: POST /users with {"commit"=>"Sign up", "utf8"=>"✓", "user"=>{"password"=>"solidus", "email"=>"matteodepalo@mac.com"}} and HTTP headers {"HTTP_REFERER"=>"/sign_up"}
REQUESTING PAGE: GET /sign_in with {} and HTTP headers {}
REQUESTING PAGE: GET /sign_up with {} and HTTP headers {"HTTP_REFERER"=>"/sign_in"}
REQUESTING PAGE: POST /users with {"commit"=>"Sign up", "utf8"=>"✓", "user"=>{"password"=>"solidus", "email"=>"matteodepalo@mac.com"}} and HTTP headers {"HTTP_REFERER"=>"/sign_up"}
REQUESTING PAGE: GET /sign_in with {} and HTTP headers {}
REQUESTING PAGE: GET /sign_up with {} and HTTP headers {"HTTP_REFERER"=>"/sign_in"}
REQUESTING PAGE: POST /users with {"commit"=>"Sign up", "utf8"=>"✓", "user"=>{"password"=>"solidus", "email"=>"matteodepalo@mac.com"}} and HTTP headers {"HTTP_REFERER"=>"/sign_up"}
REQUESTING PAGE: GET /sign_in with {} and HTTP headers {}
REQUESTING PAGE: GET /sign_up with {} and HTTP headers {"HTTP_REFERER"=>"/sign_in"}
REQUESTING PAGE: POST /users with {"commit"=>"Sign up", "utf8"=>"✓", "user"=>{"password"=>"solidus", "email"=>"matteodepalo@mac.com"}} and HTTP headers {"HTTP_REFERER"=>"/sign_up"}
REQUESTING PAGE: GET /sign_in with {} and HTTP headers {}
REQUESTING PAGE: GET /sign_up with {} and HTTP headers {"HTTP_REFERER"=>"/sign_in"}
REQUESTING PAGE: POST /users with {"commit"=>"Sign up", "utf8"=>"✓", "user"=>{"password"=>"solidus", "email"=>"matteodepalo@mac.com"}} and HTTP headers {"HTTP_REFERER"=>"/sign_up"}
REQUESTING PAGE: GET /sign_in with {} and HTTP headers {}
REQUESTING PAGE: GET /sign_up with {} and HTTP headers {"HTTP_REFERER"=>"/sign_in"}
REQUESTING PAGE: POST /users with {"commit"=>"Sign up", "utf8"=>"✓", "user"=>{"password"=>"solidus", "email"=>"matteodepalo@mac.com"}} and HTTP headers {"HTTP_REFERER"=>"/sign_up"}
REQUESTING PAGE: GET /sign_in with {} and HTTP headers {}
REQUESTING PAGE: GET /sign_up with {} and HTTP headers {"HTTP_REFERER"=>"/sign_in"}
REQUESTING PAGE: POST /users with {"commit"=>"Sign up", "utf8"=>"✓", "user"=>{"password"=>"solidus", "email"=>"matteodepalo@mac.com"}} and HTTP headers {"HTTP_REFERER"=>"/sign_up"}
REQUESTING PAGE: GET /sign_in with {} and HTTP headers {}
REQUESTING PAGE: GET /sign_up with {} and HTTP headers {"HTTP_REFERER"=>"/sign_in"}
REQUESTING PAGE: POST /users with {"commit"=>"Sign up", "utf8"=>"✓", "user"=>{"password"=>"solidus", "email"=>"matteodepalo@mac.com"}} and HTTP headers {"HTTP_REFERER"=>"/sign_up"}
REQUESTING PAGE: GET /sign_in with {} and HTTP headers {}
REQUESTING PAGE: GET /sign_up with {} and HTTP headers {"HTTP_REFERER"=>"/sign_in"}
REQUESTING PAGE: POST /users with {"commit"=>"Sign up", "utf8"=>"✓", "user"=>{"password"=>"solidus", "email"=>"matteodepalo@mac.com"}} and HTTP headers {"HTTP_REFERER"=>"/sign_up"}
REQUESTING PAGE: GET /sign_in with {} and HTTP headers {}
REQUESTING PAGE: GET /sign_up with {} and HTTP headers {"HTTP_REFERER"=>"/sign_in"}
REQUESTING PAGE: POST /users with {"commit"=>"Sign up", "utf8"=>"✓", "user"=>{"password"=>"solidus", "email"=>"matteodepalo@mac.com"}} and HTTP headers {"HTTP_REFERER"=>"/sign_up"}
REQUESTING PAGE: GET /sign_in with {} and HTTP headers {}
REQUESTING PAGE: GET /sign_up with {} and HTTP headers {"HTTP_REFERER"=>"/sign_in"}
REQUESTING PAGE: POST /users with {"commit"=>"Sign up", "utf8"=>"✓", "user"=>{"password"=>"solidus", "email"=>"matteodepalo@mac.com"}} and HTTP headers {"HTTP_REFERER"=>"/sign_up"}
REQUESTING PAGE: GET /sign_in with {} and HTTP headers {}
REQUESTING PAGE: GET /sign_up with {} and HTTP headers {"HTTP_REFERER"=>"/sign_in"}
REQUESTING PAGE: POST /users with {"commit"=>"Sign up", "utf8"=>"✓", "user"=>{"password"=>"solidus", "email"=>"matteodepalo@mac.com"}} and HTTP headers {"HTTP_REFERER"=>"/sign_up"}
REQUESTING PAGE: GET /sign_in with {} and HTTP headers {}
REQUESTING PAGE: GET /sign_up with {} and HTTP headers {"HTTP_REFERER"=>"/sign_in"}
REQUESTING PAGE: POST /users with {"commit"=>"Sign up", "utf8"=>"✓", "user"=>{"password"=>"solidus", "email"=>"matteodepalo@mac.com"}} and HTTP headers {"HTTP_REFERER"=>"/sign_up"}
REQUESTING PAGE: GET /sign_in with {} and HTTP headers {}
REQUESTING PAGE: GET /sign_up with {} and HTTP headers {"HTTP_REFERER"=>"/sign_in"}
REQUESTING PAGE: POST /users with {"commit"=>"Sign up", "utf8"=>"✓", "user"=>{"password"=>"solidus", "email"=>"matteodepalo@mac.com"}} and HTTP headers {"HTTP_REFERER"=>"/sign_up"}
REQUESTING PAGE: GET /sign_in with {} and HTTP headers {}
REQUESTING PAGE: GET /sign_up with {} and HTTP headers {"HTTP_REFERER"=>"/sign_in"}
REQUESTING PAGE: POST /users with {"commit"=>"Sign up", "utf8"=>"✓", "user"=>{"password"=>"solidus", "email"=>"matteodepalo@mac.com"}} and HTTP headers {"HTTP_REFERER"=>"/sign_up"}
REQUESTING PAGE: GET /sign_in with {} and HTTP headers {}
REQUESTING PAGE: GET /sign_up with {} and HTTP headers {"HTTP_REFERER"=>"/sign_in"}
REQUESTING PAGE: POST /users with {"commit"=>"Sign up", "utf8"=>"✓", "user"=>{"password"=>"solidus", "email"=>"matteodepalo@mac.com"}} and HTTP headers {"HTTP_REFERER"=>"/sign_up"}
REQUESTING PAGE: GET /sign_in with {} and HTTP headers {}
REQUESTING PAGE: GET /sign_up with {} and HTTP headers {"HTTP_REFERER"=>"/sign_in"}
REQUESTING PAGE: POST /users with {"commit"=>"Sign up", "utf8"=>"✓", "user"=>{"password"=>"solidus", "email"=>"matteodepalo@mac.com"}} and HTTP headers {"HTTP_REFERER"=>"/sign_up"}
REQUESTING PAGE: GET /sign_in with {} and HTTP headers {}
REQUESTING PAGE: GET /sign_up with {} and HTTP headers {"HTTP_REFERER"=>"/sign_in"}
REQUESTING PAGE: POST /users with {"commit"=>"Sign up", "utf8"=>"✓", "user"=>{"password"=>"solidus", "email"=>"matteodepalo@mac.com"}} and HTTP headers {"HTTP_REFERER"=>"/sign_up"}
